0 info it worked if it ends with ok
1 verbose cli [ '/usr/bin/node', '/usr/bin/npm', 'install', 'client-sessions' ]
2 info using npm@1.4.28
3 info using node@v0.10.37
4 verbose node symlink /usr/bin/node
5 warn package.json Manicuria-Elia@0.1.0 No repository field.
6 verbose readDependencies using package.json deps
7 verbose cache add [ 'client-sessions', null ]
8 verbose cache add name=undefined spec="client-sessions" args=["client-sessions",null]
9 verbose parsed url { protocol: null,
9 verbose parsed url   slashes: null,
9 verbose parsed url   auth: null,
9 verbose parsed url   host: null,
9 verbose parsed url   port: null,
9 verbose parsed url   hostname: null,
9 verbose parsed url   hash: null,
9 verbose parsed url   search: null,
9 verbose parsed url   query: null,
9 verbose parsed url   pathname: 'client-sessions',
9 verbose parsed url   path: 'client-sessions',
9 verbose parsed url   href: 'client-sessions' }
10 silly lockFile acc89396-client-sessions client-sessions
11 verbose lock client-sessions /home/jean/.npm/acc89396-client-sessions.lock
12 silly lockFile acc89396-client-sessions client-sessions
13 silly lockFile acc89396-client-sessions client-sessions
14 verbose addNamed [ 'client-sessions', '' ]
15 verbose addNamed [ null, '*' ]
16 silly lockFile d5fa4bc7-client-sessions client-sessions@
17 verbose lock client-sessions@ /home/jean/.npm/d5fa4bc7-client-sessions.lock
18 silly addNameRange { name: 'client-sessions', range: '*', hasData: false }
19 verbose request where is /client-sessions
20 verbose request registry https://registry.npmjs.org/
21 verbose request id eb1e2a835e09f2a4
22 verbose url raw /client-sessions
23 verbose url resolving [ 'https://registry.npmjs.org/', './client-sessions' ]
24 verbose url resolved https://registry.npmjs.org/client-sessions
25 verbose request where is https://registry.npmjs.org/client-sessions
26 info trying registry request attempt 1 at 02:20:34
27 http GET https://registry.npmjs.org/client-sessions
28 info retry will retry, error on last attempt: Error: tunneling socket could not be established, cause=connect EHOSTUNREACH
29 info trying registry request attempt 2 at 02:20:52
30 http GET https://registry.npmjs.org/client-sessions
31 info retry will retry, error on last attempt: Error: tunneling socket could not be established, cause=connect EHOSTUNREACH
32 info trying registry request attempt 3 at 02:22:07
33 http GET https://registry.npmjs.org/client-sessions
34 silly lockFile d5fa4bc7-client-sessions client-sessions@
35 silly lockFile d5fa4bc7-client-sessions client-sessions@
36 error network tunneling socket could not be established, cause=connect EHOSTUNREACH
36 error network This is most likely not a problem with npm itself
36 error network and is related to network connectivity.
36 error network In most cases you are behind a proxy or have bad network settings.
36 error network
36 error network If you are behind a proxy, please make sure that the
36 error network 'proxy' config is set properly.  See: 'npm help config'
37 error System Linux 3.13.0-24-generic
38 error command "/usr/bin/node" "/usr/bin/npm" "install" "client-sessions"
39 error cwd /var/www/html/Manicura-Elia
40 error node -v v0.10.37
41 error npm -v 1.4.28
42 error code ECONNRESET
43 verbose exit [ 1, true ]
